<?xml version="1.0" encoding="UTF-8"?>
<testsuite name="tests.TextBoxTestsRandomUtils" tests="3" skipped="0" failures="0" errors="0" timestamp="2025-02-02T12:03:00" hostname="WIN-6J8KI8K032D" time="8.263">
  <properties/>
  <testcase name="fullFillFormTest()" classname="tests.TextBoxTestsRandomUtils" time="6.631"/>
  <testcase name="РџСЂРѕРІРµСЂРєР° СЃС†РµРЅР°СЂРёСЏ СЃ РѕС‚РїСЂР°РІРєРѕР№ С„РѕСЂРјС‹ Р±РµР· РѕР±СЏР·Р°С‚РµР»СЊРЅРѕРіРѕ РїР°СЂР°РјРµС‚СЂР°" classname="tests.TextBoxTestsRandomUtils" time="0.761"/>
  <testcase name="РџСЂРѕРІРµСЂРєР° СѓСЃРїРµС€РЅРѕРіРѕ СЃС†РµРЅР°СЂРёСЏ СЃ РјРёРЅРёРјР°Р»СЊРЅС‹Рј РєРѕР»РёС‡РµСЃС‚РІРѕРј РїР°СЂР°РјРµС‚СЂРѕРІ" classname="tests.TextBoxTestsRandomUtils" time="0.785"/>
  <system-out><![CDATA[]]></system-out>
  <system-err><![CDATA[SLF4J: No SLF4J providers were found.
SLF4J: Defaulting to no-operation (NOP) logger implementation
SLF4J: See https://www.slf4j.org/codes.html#noProviders for further details.
февр. 02, 2025 3:03:03 PM org.openqa.selenium.devtools.CdpVersionFinder findNearestMatch
WARNING: Unable to find CDP implementation matching 132
февр. 02, 2025 3:03:03 PM org.openqa.selenium.chromium.ChromiumDriver lambda$new$5
WARNING: Unable to find version of CDP to use for 132.0.6834.160. You may need to include a dependency on a specific version of the CDP using something similar to `org.seleniumhq.selenium:selenium-devtools-v86:4.14.1` where the version ("v86") matches the version of the chromium-based browser you're using and the version number of the artifact is the same as Selenium's.
]]></system-err>
</testsuite>
